

<!DOCTYPE html>
<html>
<head>
<meta charset="UTF-8">
<meta name="viewport" content="width=device-width, initial-scale=1, shrink-to-fit=no">
<title>Extent Report</title>
<link rel="apple-touch-icon" href="https://cdn.jsdelivr.net/gh/extent-framework/extent-github-cdn@b00a2d0486596e73dd7326beacf352c639623a0e/commons/img/logo.png">
<link rel="shortcut icon" href="https://cdn.jsdelivr.net/gh/extent-framework/extent-github-cdn@b00a2d0486596e73dd7326beacf352c639623a0e/commons/img/logo.png">
<link href="https://cdn.jsdelivr.net/gh/extent-framework/extent-github-cdn@d6562a79075e061305ccfdb82f01e5e195e2d307/spark/css/spark-style.css" rel="stylesheet" />
<link href="https://stackpath.bootstrapcdn.com/font-awesome/4.7.0/css/font-awesome.min.css" rel="stylesheet">
<script src="https://cdn.jsdelivr.net/gh/extent-framework/extent-github-cdn@7cc78ce/spark/js/jsontree.js"></script>
<style type="text/css"></style></head><body class="spa bdd-report dark">
  <div class="app">
    <div class="layout">
<div class="header navbar">
<div class="vheader">
<div class="nav-logo">
<a href="#">
<div class="logo" style="background-image: url('https://cdn.jsdelivr.net/gh/extent-framework/extent-github-cdn@b00a2d0486596e73dd7326beacf352c639623a0e/commons/img/logo.png')"></div>
</a>
</div>
<ul class="nav-left">
<li class="search-box">
<a class="search-toggle" href="#">
<i class="search-icon fa fa-search"></i>
<i class="search-icon-close fa fa-close"></i>
</a>
</li>
<li class="search-input"><input id="search-tests" class="form-control" type="text" placeholder="Search..."></li>
</ul>
<ul class="nav-right">
<li class="m-r-10">
<a href="#"><span class="badge badge-primary">car-guru-cucumber</span></a>
</li>
<li class="m-r-10">
<a href="#"><span class="badge badge-primary">Dec 22, 2023 01:35:31 am</span></a>
</li>
</ul>
</div>
</div><div class="side-nav">
<div class="side-nav-inner">
<ul class="side-nav-menu">
<li class="nav-item dropdown" onclick="toggleView('dashboard-view')">
<a id="nav-dashboard" class="dropdown-toggle" href="#">
<span class="ico"><i class="fa fa-bar-chart"></i></span>
</a>
</li>
<li class="nav-item dropdown" onclick="toggleView('test-view')">
<a id="nav-test" class="dropdown-toggle" href="#">
<span class="ico"><i class="fa fa-list"></i></span>
</a>
</li>
<li class="nav-item dropdown" onclick="toggleView('category-view')">
<a id="nav-category" class="dropdown-toggle" href="#">
<span class="ico"><i class="fa fa-tag"></i></span>
</a>
</li>
<li class="nav-item dropdown" onclick="toggleView('exception-view')">
<a id="nav-exception" class="dropdown-toggle" href="#">
<span class="ico"><i class="fa fa-bug"></i></span>
</a>
</li>
</ul>
</div>
</div>      <div class="vcontainer">
        <div class="main-content">
<div class="container-fluid p-4 view dashboard-view">
<div class="row">
<div class="col-md-3">
<div class="card"><div class="card-body">
<p class="m-b-0">Started</p>
<h3>Dec 22, 2023 01:35:31 am</h3>
</div></div>
</div>
<div class="col-md-3">
<div class="card"><div class="card-body">
<p class="m-b-0">Ended</p>
<h3>Dec 22, 2023 01:38:14 am</h3>
</div></div>
</div>
<div class="col-md-3">
<div class="card"><div class="card-body">
<p class="m-b-0 text-pass">Features Passed</p>
<h3>0</h3>
</div></div>
</div>
<div class="col-md-3">
<div class="card"><div class="card-body">
<p class="m-b-0 text-fail">Features Failed</p>
<h3>1</h3>
</div></div>
</div>
</div>
<div class="row">
<div class="col-md-4">
<div class="card">
<div class="card-header">
<h6 class="card-title">Features</h6>
</div>
<div class="card-body">
<div class="">
<canvas id='parent-analysis' width='115' height='90'></canvas>
</div>
</div>
<div class="card-footer">
<div><small data-tooltip='0%'>
<b>0</b> features passed
</small>
</div>
<div>
<small data-tooltip='100%'><b>1</b> features failed,
<b>0</b> skipped, <b data-tooltip='0%'>0</b> others
</small>
</div>
</div>
</div>
</div>
<div class="col-md-4">
<div class="card">
<div class="card-header">
<h6 class="card-title">Scenarios</h6>
</div>
<div class="card-body">
<div class="">
<canvas id='child-analysis' width='115' height='90'></canvas>
</div>
</div>
<div class="card-footer">
<div><small data-tooltip='0%'><b>0</b> scenarios passed</small></div>
<div>
<small data-tooltip='100%'><b>7</b> scenarios failed,
<b>0</b> skipped, <b data-tooltip='%'>0</b> others
</small>
</div>
</div>
</div>
</div>
<div class="col-md-4">
<div class="card">
<div class="card-header">
<h6 class="card-title">Steps</h6>
</div>
<div class="card-body">
<div class="">
<canvas id='grandchild-analysis' width='115' height='90'></canvas>
</div>
</div>
<div class="card-footer">
<div><small data-tooltip='45%'><b>35</b> steps passed</small></div>
<div>
<small data-tooltip='9%'><b>7</b> steps failed,
<b>35</b> skipped, <b data-tooltip='%'>0</b> others
</small>
</div>
</div>
</div>
</div>
</div>
<div class="row"><div class="col-md-12">
<div class="card"><div class="card-header"><p>Timeline</p></div>
<div class="card-body pt-0"><div>
<canvas id="timeline" height="120"></canvas>
</div></div>
</div>
</div></div>
<script>
var timeline = {
"Job search results functionality":160.558
};
</script>
<div class="row">
<div class="col-lg-6 col-md-12 category-container">
<div class="card">
<div class="card-header"><p>Tags</p></div>
<div class="card-body pb-0 pt-0"><table class="table table-sm table-bordered">
<thead><tr class="bg-gray"><th>Name</th><th>Passed</th><th>Failed</th><th>Skipped</th><th>Others</th><th>Passed %</th></tr></thead><tbody>
<tr>
<td>@author_Amruta</td>
<td>0</td>
<td>7</td>
<td>0</td>
<td>0</td>
<td>0%</td>
</tr>
<tr>
<td>@regression</td>
<td>0</td>
<td>7</td>
<td>0</td>
<td>0</td>
<td>0%</td>
</tr>
</tbody>
</table></div>
</div>
</div>
<div class="col-lg-6 col-md-12 sysenv-container">
<div class="card">
<div class="card-header"><p>System/Environment</p></div>
<div class="card-body pb-0 pt-0"><table class="table table-sm table-bordered">
<thead><tr class="bg-gray"><th>Name</th><th>Value</th></tr></thead>
<tbody>
<tr>
<td>Engineer</td>
<td>Amruta</td>
</tr>
<tr>
<td>Project</td>
<td>car-guru-cucumber</td>
</tr>
<tr>
<td>os</td>
<td>Windows</td>
</tr>
</tbody>
</table></div>
</div>
</div>
</div>
</div>
<script>
var statusGroup = {
parentCount: 5,
passParent: 0,
failParent: 1,
warningParent: 0,
skipParent: 0,
childCount: 5,
passChild: 0,
failChild: 7,
warningChild: 0,
skipChild: 0,
infoChild: 0,
grandChildCount: 5,
passGrandChild: 35,
failGrandChild: 7,
warningGrandChild: 0,
skipGrandChild: 35,
infoGrandChild: 0,
eventsCount: 5,
};
</script><div class="test-wrapper row view test-view">
  <div class="test-list">
    <div class="test-list-tools">
<ul class="tools pull-left">
<li><a href="#"><span class="font-size-14">Tests</span></a></li>
</ul>
<ul class="tools text-right">
<li class="dropdown">
<a href="#" class="dropdown-toggle" data-toggle="dropdown"><i class="fa fa-exclamation-circle"></i></a>
<ul id="status-toggle" class="dropdown-menu dropdown-md p-v-0">
<a class="dropdown-item" status="fail" href="#"><span>Fail</span><span class="status danger"></span></a>
<div class="dropdown-divider"></div>
<a status="clear" class="dropdown-item" href="#"><span>Clear</span><span class="pull-right"><i class="fa fa-close"></i></span></a>
</ul>
</li>
<li class="dropdown">
<a href="#" class="dropdown-toggle" data-toggle="dropdown"><i class="fa fa-tag"></i></a>
<ul id="tag-toggle" class="dropdown-menu dropdown-md p-v-0">
<a class="dropdown-item" href="#">@author_Amruta</a><a class="dropdown-item" href="#">@regression</a>
</ul>
</li>
</ul>
</div>    <div class="test-list-wrapper scrollable">
      <ul class="test-list-item">
        <li class="test-item"  status="fail" test-id="1"
          author=""
          tag=""
          device="">
          <div class="test-detail">
            <p class="name">Job search results functionality</p>
            <p class="text-sm">
              <span>01:35:34</span> / <span>00:02:40:558</span>
              <span class="badge fail-bg log float-right">Fail</span>
            </p>
          </div>
          <div class="test-contents d-none">
<div class="detail-head">
<div class="p-v-10">
<div class="info">
<h5 class="test-status text-fail">Job search results functionality</h5>
<span class='badge badge-success'>12.22.2023 01:35:34</span>
<span class='badge badge-danger'>12.22.2023 01:38:14</span>
<span class='badge badge-default'>00:02:40:558</span>
&middot; <span class='uri-anchor badge badge-default'>#test-id=1</span>
<span class='badge badge-default pointer float-right ml-1 et'><i class="fa fa-chevron-down"></i></span>
<span class='badge badge-default pointer float-right ct'><i class="fa fa-chevron-up"></i></span>
</div>
<div class="m-t-10 m-l-5"> As a user, I should be able to select options and search jobs</div>
</div>
</div>
<div class="accordion mt-4">
  <div class="card">
    <div class="card-header" role="tab">
      <div class="card-title">
        <div class="node" id="2"><span class="badge log fail-bg mr-2">Fail</span>VerifyJobSearchResultUsingDifferentDataSet</div>
          <div class="status-avatar float-right mr-4">
            <i class="fa fa-paperclip"></i>
          </div>
      </div>
    </div>
        <div class="scenario_outline ">
            <div class="card-body l1">
              <div class="card-header">
                <div class="card-title outline-child">
                  <div class="node" id="3"><span class="badge log fail-bg mr-2">Fail</span>VerifyJobSearchResultUsingDifferentDataSet</div>
                    <div class="status-avatar float-right">
                      <i class="fa fa-paperclip"></i>
                    </div>
                </div>
              </div>
              <div class="card-body mt-3 ">
                  <div class="step pass-bg">
                    <span>Given I am on Home Page</span>
      <div>
      </div>
                  </div>
                  <div class="step pass-bg">
                    <span>When I enter job title "Tester"</span>
      <div>
      </div>
                  </div>
                  <div class="step pass-bg">
                    <span>And I enter location "Surrey"</span>
      <div>
      </div>
                  </div>
                  <div class="step pass-bg">
                    <span>And I select distance "10 miles"</span>
      <div>
      </div>
                  </div>
                  <div class="step fail-bg">
                    <span>Then I click on moreSearchOptions Link</span>
      <div>
        <textarea disabled class="code-block">org.openqa.selenium.ElementClickInterceptedException: element click intercepted: Element <button type="button" id="toggle-hp-search" aria-expanded="false">...</button> is not clickable at point (227, 335). Other element would receive the click: <iframe src="https://cmp-consent-tool.privacymanager.io/latest/index.html#/notice?theme=fadeToBlackTheme&amp;useSystemFonts=false&amp;cmpType=tcf" id="gdpr-consent-notice" class="faktor-iframe-wrapper" aria-label="Privacy Manager window" role="dialog" aria-modal="true" frameborder="0" scrolling="yes" style="width: 100%; left: 0px; bottom: 0px; position: fixed; z-index: 2147483647; box-shadow: rgba(0, 0, 0, 0.12) 0px 6px 30px 5px, rgba(0, 0, 0, 0.14) 0px 16px 24px 2px, rgba(0, 0, 0, 0.2) 0px 8px 10px -5px; height: 370px;"></iframe>
  (Session info: chrome=120.0.6099.111)
Build info: version: '4.16.0', revision: '15400459dd*'
System info: os.name: 'Windows 10', os.arch: 'amd64', os.version: '10.0', java.version: '17.0.8'
Driver info: org.openqa.selenium.chrome.ChromeDriver
Command: [8c05b326eede201a58f9481f3d83abe9, clickElement {id=C3697334187788FF8A7DE1B7EADFB0FD_element_43}]
Capabilities {acceptInsecureCerts: false, browserName: chrome, browserVersion: 120.0.6099.111, chrome: {chromedriverVersion: 120.0.6099.109 (3419140ab66..., userDataDir: C:\Users\JEET\AppData\Local...}, fedcm:accounts: true, goog:chromeOptions: {debuggerAddress: localhost:55749}, networkConnectionEnabled: false, pageLoadStrategy: normal, platformName: windows, proxy: Proxy(), se:cdp: ws://localhost:55749/devtoo..., se:cdpVersion: 120.0.6099.111, setWindowRect: true, strictFileInteractability: false, timeouts: {implicit: 0, pageLoad: 300000, script: 30000}, unhandledPromptBehavior: dismiss and notify, webauthn:extension:credBlob: true, webauthn:extension:largeBlob: true, webauthn:extension:minPinLength: true, webauthn:extension:prf: true, webauthn:virtualAuthenticators: true}
Element: [[ChromeDriver: chrome on windows (8c05b326eede201a58f9481f3d83abe9)] -> id: toggle-hp-search]
Session ID: 8c05b326eede201a58f9481f3d83abe9
	at java.base/jdk.internal.reflect.NativeConstructorAccessorImpl.newInstance0(Native Method)
	at java.base/jdk.internal.reflect.NativeConstructorAccessorImpl.newInstance(NativeConstructorAccessorImpl.java:77)
	at java.base/jdk.internal.reflect.DelegatingConstructorAccessorImpl.newInstance(DelegatingConstructorAccessorImpl.java:45)
	at java.base/java.lang.reflect.Constructor.newInstanceWithCaller(Constructor.java:499)
	at java.base/java.lang.reflect.Constructor.newInstance(Constructor.java:480)
	at org.openqa.selenium.remote.codec.w3c.W3CHttpResponseCodec.createException(W3CHttpResponseCodec.java:200)
	at org.openqa.selenium.remote.codec.w3c.W3CHttpResponseCodec.decode(W3CHttpResponseCodec.java:133)
	at org.openqa.selenium.remote.codec.w3c.W3CHttpResponseCodec.decode(W3CHttpResponseCodec.java:52)
	at org.openqa.selenium.remote.HttpCommandExecutor.execute(HttpCommandExecutor.java:191)
	at org.openqa.selenium.remote.service.DriverCommandExecutor.invokeExecute(DriverCommandExecutor.java:200)
	at org.openqa.selenium.remote.service.DriverCommandExecutor.execute(DriverCommandExecutor.java:175)
	at org.openqa.selenium.remote.RemoteWebDriver.execute(RemoteWebDriver.java:523)
	at org.openqa.selenium.remote.RemoteWebElement.execute(RemoteWebElement.java:224)
	at org.openqa.selenium.remote.RemoteWebElement.click(RemoteWebElement.java:77)
	at java.base/jdk.internal.reflect.NativeMethodAccessorImpl.invoke0(Native Method)
	at java.base/jdk.internal.reflect.NativeMethodAccessorImpl.invoke(NativeMethodAccessorImpl.java:77)
	at java.base/jdk.internal.reflect.DelegatingMethodAccessorImpl.invoke(DelegatingMethodAccessorImpl.java:43)
	at java.base/java.lang.reflect.Method.invoke(Method.java:568)
	at org.openqa.selenium.support.pagefactory.internal.LocatingElementHandler.invoke(LocatingElementHandler.java:51)
	at jdk.proxy2/jdk.proxy2.$Proxy29.click(Unknown Source)
	at uk.co.library.utility.Utility.clickOnElement(Utility.java:53)
	at uk.co.library.pages.HomePage.clickOnMoreSearchOptionLink(HomePage.java:71)
	at uk.co.library.steps.JobSearchSteps.iClickOnMoreSearchOptionsLink(JobSearchSteps.java:31)
	at ✽.I click on moreSearchOptions Link(file:///C:/Users/JEET/IdeaProjects/cv-library-uk-sw6/src/test/resources/features/jobsearch.feature:11)
</textarea>
      
      </div>
                  </div>
                  <div class="step skip-bg">
                    <span>And I enter salaryMin "30000"</span>
      <div>Step skipped
      </div>
                  </div>
                  <div class="step skip-bg">
                    <span>And I enter salaryMax "500000"</span>
      <div>Step skipped
      </div>
                  </div>
                  <div class="step skip-bg">
                    <span>And I select salaryType "Per annum"</span>
      <div>Step skipped
      </div>
                  </div>
                  <div class="step skip-bg">
                    <span>And I select jobType "Permanent"</span>
      <div>Step skipped
      </div>
                  </div>
                  <div class="step skip-bg">
                    <span>Then I click on Find Jobs button</span>
      <div>Step skipped
      </div>
                  </div>
                  <div class="step pass-bg">
                    <span>uk.co.library.steps.Hooks.tearDown(io.cucumber.java.Scenario)</span>
      <div>VerifyJobSearchResultUsingDifferentDataSet
          <div class="row mb-3"><div class="col-md-3">
<img data-featherlight='../screenshots/embedded1.png' src="../screenshots/embedded1.png">
    
    </div></div>
</div>
      <div>
      </div>
                  </div>
              </div>
            </div>
            <div class="card-body l1">
              <div class="card-header">
                <div class="card-title outline-child">
                  <div class="node" id="16"><span class="badge log fail-bg mr-2">Fail</span>VerifyJobSearchResultUsingDifferentDataSet</div>
                    <div class="status-avatar float-right">
                      <i class="fa fa-paperclip"></i>
                    </div>
                </div>
              </div>
              <div class="card-body mt-3 ">
                  <div class="step pass-bg">
                    <span>Given I am on Home Page</span>
      <div>
      </div>
                  </div>
                  <div class="step pass-bg">
                    <span>When I enter job title "Developer"</span>
      <div>
      </div>
                  </div>
                  <div class="step pass-bg">
                    <span>And I enter location "Basildon"</span>
      <div>
      </div>
                  </div>
                  <div class="step pass-bg">
                    <span>And I select distance "25 miles"</span>
      <div>
      </div>
                  </div>
                  <div class="step fail-bg">
                    <span>Then I click on moreSearchOptions Link</span>
      <div>
        <textarea disabled class="code-block">org.openqa.selenium.ElementClickInterceptedException: element click intercepted: Element <button type="button" id="toggle-hp-search" aria-expanded="false">...</button> is not clickable at point (227, 335). Other element would receive the click: <iframe src="https://cmp-consent-tool.privacymanager.io/latest/index.html#/notice?theme=fadeToBlackTheme&amp;useSystemFonts=false&amp;cmpType=tcf" id="gdpr-consent-notice" class="faktor-iframe-wrapper" aria-label="Privacy Manager window" role="dialog" aria-modal="true" frameborder="0" scrolling="yes" style="width: 100%; left: 0px; bottom: 0px; position: fixed; z-index: 2147483647; box-shadow: rgba(0, 0, 0, 0.12) 0px 6px 30px 5px, rgba(0, 0, 0, 0.14) 0px 16px 24px 2px, rgba(0, 0, 0, 0.2) 0px 8px 10px -5px; height: 370px;"></iframe>
  (Session info: chrome=120.0.6099.111)
Build info: version: '4.16.0', revision: '15400459dd*'
System info: os.name: 'Windows 10', os.arch: 'amd64', os.version: '10.0', java.version: '17.0.8'
Driver info: org.openqa.selenium.chrome.ChromeDriver
Command: [077ab19f70648774ae1479de2e0f8326, clickElement {id=1A167050111DD48835DAB68FA1D6EEC3_element_39}]
Capabilities {acceptInsecureCerts: false, browserName: chrome, browserVersion: 120.0.6099.111, chrome: {chromedriverVersion: 120.0.6099.109 (3419140ab66..., userDataDir: C:\Users\JEET\AppData\Local...}, fedcm:accounts: true, goog:chromeOptions: {debuggerAddress: localhost:55812}, networkConnectionEnabled: false, pageLoadStrategy: normal, platformName: windows, proxy: Proxy(), se:cdp: ws://localhost:55812/devtoo..., se:cdpVersion: 120.0.6099.111, setWindowRect: true, strictFileInteractability: false, timeouts: {implicit: 0, pageLoad: 300000, script: 30000}, unhandledPromptBehavior: dismiss and notify, webauthn:extension:credBlob: true, webauthn:extension:largeBlob: true, webauthn:extension:minPinLength: true, webauthn:extension:prf: true, webauthn:virtualAuthenticators: true}
Element: [[ChromeDriver: chrome on windows (077ab19f70648774ae1479de2e0f8326)] -> id: toggle-hp-search]
Session ID: 077ab19f70648774ae1479de2e0f8326
	at java.base/jdk.internal.reflect.NativeConstructorAccessorImpl.newInstance0(Native Method)
	at java.base/jdk.internal.reflect.NativeConstructorAccessorImpl.newInstance(NativeConstructorAccessorImpl.java:77)
	at java.base/jdk.internal.reflect.DelegatingConstructorAccessorImpl.newInstance(DelegatingConstructorAccessorImpl.java:45)
	at java.base/java.lang.reflect.Constructor.newInstanceWithCaller(Constructor.java:499)
	at java.base/java.lang.reflect.Constructor.newInstance(Constructor.java:480)
	at org.openqa.selenium.remote.codec.w3c.W3CHttpResponseCodec.createException(W3CHttpResponseCodec.java:200)
	at org.openqa.selenium.remote.codec.w3c.W3CHttpResponseCodec.decode(W3CHttpResponseCodec.java:133)
	at org.openqa.selenium.remote.codec.w3c.W3CHttpResponseCodec.decode(W3CHttpResponseCodec.java:52)
	at org.openqa.selenium.remote.HttpCommandExecutor.execute(HttpCommandExecutor.java:191)
	at org.openqa.selenium.remote.service.DriverCommandExecutor.invokeExecute(DriverCommandExecutor.java:200)
	at org.openqa.selenium.remote.service.DriverCommandExecutor.execute(DriverCommandExecutor.java:175)
	at org.openqa.selenium.remote.RemoteWebDriver.execute(RemoteWebDriver.java:523)
	at org.openqa.selenium.remote.RemoteWebElement.execute(RemoteWebElement.java:224)
	at org.openqa.selenium.remote.RemoteWebElement.click(RemoteWebElement.java:77)
	at java.base/jdk.internal.reflect.NativeMethodAccessorImpl.invoke0(Native Method)
	at java.base/jdk.internal.reflect.NativeMethodAccessorImpl.invoke(NativeMethodAccessorImpl.java:77)
	at java.base/jdk.internal.reflect.DelegatingMethodAccessorImpl.invoke(DelegatingMethodAccessorImpl.java:43)
	at java.base/java.lang.reflect.Method.invoke(Method.java:568)
	at org.openqa.selenium.support.pagefactory.internal.LocatingElementHandler.invoke(LocatingElementHandler.java:51)
	at jdk.proxy2/jdk.proxy2.$Proxy29.click(Unknown Source)
	at uk.co.library.utility.Utility.clickOnElement(Utility.java:53)
	at uk.co.library.pages.HomePage.clickOnMoreSearchOptionLink(HomePage.java:71)
	at uk.co.library.steps.JobSearchSteps.iClickOnMoreSearchOptionsLink(JobSearchSteps.java:31)
	at ✽.I click on moreSearchOptions Link(file:///C:/Users/JEET/IdeaProjects/cv-library-uk-sw6/src/test/resources/features/jobsearch.feature:11)
</textarea>
      
      </div>
                  </div>
                  <div class="step skip-bg">
                    <span>And I enter salaryMin "40000"</span>
      <div>Step skipped
      </div>
                  </div>
                  <div class="step skip-bg">
                    <span>And I enter salaryMax "60000"</span>
      <div>Step skipped
      </div>
                  </div>
                  <div class="step skip-bg">
                    <span>And I select salaryType "Per annum"</span>
      <div>Step skipped
      </div>
                  </div>
                  <div class="step skip-bg">
                    <span>And I select jobType "Contract"</span>
      <div>Step skipped
      </div>
                  </div>
                  <div class="step skip-bg">
                    <span>Then I click on Find Jobs button</span>
      <div>Step skipped
      </div>
                  </div>
                  <div class="step pass-bg">
                    <span>uk.co.library.steps.Hooks.tearDown(io.cucumber.java.Scenario)</span>
      <div>VerifyJobSearchResultUsingDifferentDataSet
          <div class="row mb-3"><div class="col-md-3">
<img data-featherlight='../screenshots/embedded2.png' src="../screenshots/embedded2.png">
    
    </div></div>
</div>
      <div>
      </div>
                  </div>
              </div>
            </div>
            <div class="card-body l1">
              <div class="card-header">
                <div class="card-title outline-child">
                  <div class="node" id="29"><span class="badge log fail-bg mr-2">Fail</span>VerifyJobSearchResultUsingDifferentDataSet</div>
                    <div class="status-avatar float-right">
                      <i class="fa fa-paperclip"></i>
                    </div>
                </div>
              </div>
              <div class="card-body mt-3 ">
                  <div class="step pass-bg">
                    <span>Given I am on Home Page</span>
      <div>
      </div>
                  </div>
                  <div class="step pass-bg">
                    <span>When I enter job title "Quality Engineer"</span>
      <div>
      </div>
                  </div>
                  <div class="step pass-bg">
                    <span>And I enter location "Edinburgh, City of Edinburgh"</span>
      <div>
      </div>
                  </div>
                  <div class="step pass-bg">
                    <span>And I select distance "10 miles"</span>
      <div>
      </div>
                  </div>
                  <div class="step fail-bg">
                    <span>Then I click on moreSearchOptions Link</span>
      <div>
        <textarea disabled class="code-block">org.openqa.selenium.ElementClickInterceptedException: element click intercepted: Element <button type="button" id="toggle-hp-search" aria-expanded="false">...</button> is not clickable at point (227, 335). Other element would receive the click: <iframe src="https://cmp-consent-tool.privacymanager.io/latest/index.html#/notice?theme=fadeToBlackTheme&amp;useSystemFonts=false&amp;cmpType=tcf" id="gdpr-consent-notice" class="faktor-iframe-wrapper" aria-label="Privacy Manager window" role="dialog" aria-modal="true" frameborder="0" scrolling="yes" style="width: 100%; left: 0px; bottom: 0px; position: fixed; z-index: 2147483647; box-shadow: rgba(0, 0, 0, 0.12) 0px 6px 30px 5px, rgba(0, 0, 0, 0.14) 0px 16px 24px 2px, rgba(0, 0, 0, 0.2) 0px 8px 10px -5px; height: 370px;"></iframe>
  (Session info: chrome=120.0.6099.111)
Build info: version: '4.16.0', revision: '15400459dd*'
System info: os.name: 'Windows 10', os.arch: 'amd64', os.version: '10.0', java.version: '17.0.8'
Driver info: org.openqa.selenium.chrome.ChromeDriver
Command: [25ae3a485b895dcbf7370b765d9db18f, clickElement {id=8D7C8CEF234D591BAC1D1B2D7AB006AF_element_41}]
Capabilities {acceptInsecureCerts: false, browserName: chrome, browserVersion: 120.0.6099.111, chrome: {chromedriverVersion: 120.0.6099.109 (3419140ab66..., userDataDir: C:\Users\JEET\AppData\Local...}, fedcm:accounts: true, goog:chromeOptions: {debuggerAddress: localhost:55855}, networkConnectionEnabled: false, pageLoadStrategy: normal, platformName: windows, proxy: Proxy(), se:cdp: ws://localhost:55855/devtoo..., se:cdpVersion: 120.0.6099.111, setWindowRect: true, strictFileInteractability: false, timeouts: {implicit: 0, pageLoad: 300000, script: 30000}, unhandledPromptBehavior: dismiss and notify, webauthn:extension:credBlob: true, webauthn:extension:largeBlob: true, webauthn:extension:minPinLength: true, webauthn:extension:prf: true, webauthn:virtualAuthenticators: true}
Element: [[ChromeDriver: chrome on windows (25ae3a485b895dcbf7370b765d9db18f)] -> id: toggle-hp-search]
Session ID: 25ae3a485b895dcbf7370b765d9db18f
	at java.base/jdk.internal.reflect.NativeConstructorAccessorImpl.newInstance0(Native Method)
	at java.base/jdk.internal.reflect.NativeConstructorAccessorImpl.newInstance(NativeConstructorAccessorImpl.java:77)
	at java.base/jdk.internal.reflect.DelegatingConstructorAccessorImpl.newInstance(DelegatingConstructorAccessorImpl.java:45)
	at java.base/java.lang.reflect.Constructor.newInstanceWithCaller(Constructor.java:499)
	at java.base/java.lang.reflect.Constructor.newInstance(Constructor.java:480)
	at org.openqa.selenium.remote.codec.w3c.W3CHttpResponseCodec.createException(W3CHttpResponseCodec.java:200)
	at org.openqa.selenium.remote.codec.w3c.W3CHttpResponseCodec.decode(W3CHttpResponseCodec.java:133)
	at org.openqa.selenium.remote.codec.w3c.W3CHttpResponseCodec.decode(W3CHttpResponseCodec.java:52)
	at org.openqa.selenium.remote.HttpCommandExecutor.execute(HttpCommandExecutor.java:191)
	at org.openqa.selenium.remote.service.DriverCommandExecutor.invokeExecute(DriverCommandExecutor.java:200)
	at org.openqa.selenium.remote.service.DriverCommandExecutor.execute(DriverCommandExecutor.java:175)
	at org.openqa.selenium.remote.RemoteWebDriver.execute(RemoteWebDriver.java:523)
	at org.openqa.selenium.remote.RemoteWebElement.execute(RemoteWebElement.java:224)
	at org.openqa.selenium.remote.RemoteWebElement.click(RemoteWebElement.java:77)
	at java.base/jdk.internal.reflect.NativeMethodAccessorImpl.invoke0(Native Method)
	at java.base/jdk.internal.reflect.NativeMethodAccessorImpl.invoke(NativeMethodAccessorImpl.java:77)
	at java.base/jdk.internal.reflect.DelegatingMethodAccessorImpl.invoke(DelegatingMethodAccessorImpl.java:43)
	at java.base/java.lang.reflect.Method.invoke(Method.java:568)
	at org.openqa.selenium.support.pagefactory.internal.LocatingElementHandler.invoke(LocatingElementHandler.java:51)
	at jdk.proxy2/jdk.proxy2.$Proxy29.click(Unknown Source)
	at uk.co.library.utility.Utility.clickOnElement(Utility.java:53)
	at uk.co.library.pages.HomePage.clickOnMoreSearchOptionLink(HomePage.java:71)
	at uk.co.library.steps.JobSearchSteps.iClickOnMoreSearchOptionsLink(JobSearchSteps.java:31)
	at ✽.I click on moreSearchOptions Link(file:///C:/Users/JEET/IdeaProjects/cv-library-uk-sw6/src/test/resources/features/jobsearch.feature:11)
</textarea>
      
      </div>
                  </div>
                  <div class="step skip-bg">
                    <span>And I enter salaryMin "40000"</span>
      <div>Step skipped
      </div>
                  </div>
                  <div class="step skip-bg">
                    <span>And I enter salaryMax "70000"</span>
      <div>Step skipped
      </div>
                  </div>
                  <div class="step skip-bg">
                    <span>And I select salaryType "Per annum"</span>
      <div>Step skipped
      </div>
                  </div>
                  <div class="step skip-bg">
                    <span>And I select jobType "Temporaray"</span>
      <div>Step skipped
      </div>
                  </div>
                  <div class="step skip-bg">
                    <span>Then I click on Find Jobs button</span>
      <div>Step skipped
      </div>
                  </div>
                  <div class="step pass-bg">
                    <span>uk.co.library.steps.Hooks.tearDown(io.cucumber.java.Scenario)</span>
      <div>VerifyJobSearchResultUsingDifferentDataSet
          <div class="row mb-3"><div class="col-md-3">
<img data-featherlight='../screenshots/embedded3.png' src="../screenshots/embedded3.png">
    
    </div></div>
</div>
      <div>
      </div>
                  </div>
              </div>
            </div>
            <div class="card-body l1">
              <div class="card-header">
                <div class="card-title outline-child">
                  <div class="node" id="42"><span class="badge log fail-bg mr-2">Fail</span>VerifyJobSearchResultUsingDifferentDataSet</div>
                    <div class="status-avatar float-right">
                      <i class="fa fa-paperclip"></i>
                    </div>
                </div>
              </div>
              <div class="card-body mt-3 ">
                  <div class="step pass-bg">
                    <span>Given I am on Home Page</span>
      <div>
      </div>
                  </div>
                  <div class="step pass-bg">
                    <span>When I enter job title "Quality Assurance"</span>
      <div>
      </div>
                  </div>
                  <div class="step pass-bg">
                    <span>And I enter location "London"</span>
      <div>
      </div>
                  </div>
                  <div class="step pass-bg">
                    <span>And I select distance "35 miles"</span>
      <div>
      </div>
                  </div>
                  <div class="step fail-bg">
                    <span>Then I click on moreSearchOptions Link</span>
      <div>
        <textarea disabled class="code-block">org.openqa.selenium.ElementClickInterceptedException: element click intercepted: Element <button type="button" id="toggle-hp-search" aria-expanded="false">...</button> is not clickable at point (227, 335). Other element would receive the click: <iframe src="https://cmp-consent-tool.privacymanager.io/latest/index.html#/notice?theme=fadeToBlackTheme&amp;useSystemFonts=false&amp;cmpType=tcf" id="gdpr-consent-notice" class="faktor-iframe-wrapper" aria-label="Privacy Manager window" role="dialog" aria-modal="true" frameborder="0" scrolling="yes" style="width: 100%; left: 0px; bottom: 0px; position: fixed; z-index: 2147483647; box-shadow: rgba(0, 0, 0, 0.12) 0px 6px 30px 5px, rgba(0, 0, 0, 0.14) 0px 16px 24px 2px, rgba(0, 0, 0, 0.2) 0px 8px 10px -5px; height: 370px;"></iframe>
  (Session info: chrome=120.0.6099.111)
Build info: version: '4.16.0', revision: '15400459dd*'
System info: os.name: 'Windows 10', os.arch: 'amd64', os.version: '10.0', java.version: '17.0.8'
Driver info: org.openqa.selenium.chrome.ChromeDriver
Command: [21c7cc8052606a5d793ff0d663aa2e1c, clickElement {id=AE2E7784CCD1E91AF1146201A05C301B_element_52}]
Capabilities {acceptInsecureCerts: false, browserName: chrome, browserVersion: 120.0.6099.111, chrome: {chromedriverVersion: 120.0.6099.109 (3419140ab66..., userDataDir: C:\Users\JEET\AppData\Local...}, fedcm:accounts: true, goog:chromeOptions: {debuggerAddress: localhost:55895}, networkConnectionEnabled: false, pageLoadStrategy: normal, platformName: windows, proxy: Proxy(), se:cdp: ws://localhost:55895/devtoo..., se:cdpVersion: 120.0.6099.111, setWindowRect: true, strictFileInteractability: false, timeouts: {implicit: 0, pageLoad: 300000, script: 30000}, unhandledPromptBehavior: dismiss and notify, webauthn:extension:credBlob: true, webauthn:extension:largeBlob: true, webauthn:extension:minPinLength: true, webauthn:extension:prf: true, webauthn:virtualAuthenticators: true}
Element: [[ChromeDriver: chrome on windows (21c7cc8052606a5d793ff0d663aa2e1c)] -> id: toggle-hp-search]
Session ID: 21c7cc8052606a5d793ff0d663aa2e1c
	at java.base/jdk.internal.reflect.NativeConstructorAccessorImpl.newInstance0(Native Method)
	at java.base/jdk.internal.reflect.NativeConstructorAccessorImpl.newInstance(NativeConstructorAccessorImpl.java:77)
	at java.base/jdk.internal.reflect.DelegatingConstructorAccessorImpl.newInstance(DelegatingConstructorAccessorImpl.java:45)
	at java.base/java.lang.reflect.Constructor.newInstanceWithCaller(Constructor.java:499)
	at java.base/java.lang.reflect.Constructor.newInstance(Constructor.java:480)
	at org.openqa.selenium.remote.codec.w3c.W3CHttpResponseCodec.createException(W3CHttpResponseCodec.java:200)
	at org.openqa.selenium.remote.codec.w3c.W3CHttpResponseCodec.decode(W3CHttpResponseCodec.java:133)
	at org.openqa.selenium.remote.codec.w3c.W3CHttpResponseCodec.decode(W3CHttpResponseCodec.java:52)
	at org.openqa.selenium.remote.HttpCommandExecutor.execute(HttpCommandExecutor.java:191)
	at org.openqa.selenium.remote.service.DriverCommandExecutor.invokeExecute(DriverCommandExecutor.java:200)
	at org.openqa.selenium.remote.service.DriverCommandExecutor.execute(DriverCommandExecutor.java:175)
	at org.openqa.selenium.remote.RemoteWebDriver.execute(RemoteWebDriver.java:523)
	at org.openqa.selenium.remote.RemoteWebElement.execute(RemoteWebElement.java:224)
	at org.openqa.selenium.remote.RemoteWebElement.click(RemoteWebElement.java:77)
	at java.base/jdk.internal.reflect.NativeMethodAccessorImpl.invoke0(Native Method)
	at java.base/jdk.internal.reflect.NativeMethodAccessorImpl.invoke(NativeMethodAccessorImpl.java:77)
	at java.base/jdk.internal.reflect.DelegatingMethodAccessorImpl.invoke(DelegatingMethodAccessorImpl.java:43)
	at java.base/java.lang.reflect.Method.invoke(Method.java:568)
	at org.openqa.selenium.support.pagefactory.internal.LocatingElementHandler.invoke(LocatingElementHandler.java:51)
	at jdk.proxy2/jdk.proxy2.$Proxy29.click(Unknown Source)
	at uk.co.library.utility.Utility.clickOnElement(Utility.java:53)
	at uk.co.library.pages.HomePage.clickOnMoreSearchOptionLink(HomePage.java:71)
	at uk.co.library.steps.JobSearchSteps.iClickOnMoreSearchOptionsLink(JobSearchSteps.java:31)
	at ✽.I click on moreSearchOptions Link(file:///C:/Users/JEET/IdeaProjects/cv-library-uk-sw6/src/test/resources/features/jobsearch.feature:11)
</textarea>
      
      </div>
                  </div>
                  <div class="step skip-bg">
                    <span>And I enter salaryMin "45000"</span>
      <div>Step skipped
      </div>
                  </div>
                  <div class="step skip-bg">
                    <span>And I enter salaryMax "75000"</span>
      <div>Step skipped
      </div>
                  </div>
                  <div class="step skip-bg">
                    <span>And I select salaryType "Per annum"</span>
      <div>Step skipped
      </div>
                  </div>
                  <div class="step skip-bg">
                    <span>And I select jobType "Apprenticeship"</span>
      <div>Step skipped
      </div>
                  </div>
                  <div class="step skip-bg">
                    <span>Then I click on Find Jobs button</span>
      <div>Step skipped
      </div>
                  </div>
                  <div class="step pass-bg">
                    <span>uk.co.library.steps.Hooks.tearDown(io.cucumber.java.Scenario)</span>
      <div>VerifyJobSearchResultUsingDifferentDataSet
          <div class="row mb-3"><div class="col-md-3">
<img data-featherlight='../screenshots/embedded4.png' src="../screenshots/embedded4.png">
    
    </div></div>
</div>
      <div>
      </div>
                  </div>
              </div>
            </div>
            <div class="card-body l1">
              <div class="card-header">
                <div class="card-title outline-child">
                  <div class="node" id="55"><span class="badge log fail-bg mr-2">Fail</span>VerifyJobSearchResultUsingDifferentDataSet</div>
                    <div class="status-avatar float-right">
                      <i class="fa fa-paperclip"></i>
                    </div>
                </div>
              </div>
              <div class="card-body mt-3 ">
                  <div class="step pass-bg">
                    <span>Given I am on Home Page</span>
      <div>
      </div>
                  </div>
                  <div class="step pass-bg">
                    <span>When I enter job title "Test Engineer"</span>
      <div>
      </div>
                  </div>
                  <div class="step pass-bg">
                    <span>And I enter location "Derby"</span>
      <div>
      </div>
                  </div>
                  <div class="step pass-bg">
                    <span>And I select distance "10 miles"</span>
      <div>
      </div>
                  </div>
                  <div class="step fail-bg">
                    <span>Then I click on moreSearchOptions Link</span>
      <div>
        <textarea disabled class="code-block">org.openqa.selenium.ElementClickInterceptedException: element click intercepted: Element <button type="button" id="toggle-hp-search" aria-expanded="false">...</button> is not clickable at point (227, 335). Other element would receive the click: <iframe src="https://cmp-consent-tool.privacymanager.io/latest/index.html#/notice?theme=fadeToBlackTheme&amp;useSystemFonts=false&amp;cmpType=tcf" id="gdpr-consent-notice" class="faktor-iframe-wrapper" aria-label="Privacy Manager window" role="dialog" aria-modal="true" frameborder="0" scrolling="yes" style="width: 100%; left: 0px; bottom: 0px; position: fixed; z-index: 2147483647; box-shadow: rgba(0, 0, 0, 0.12) 0px 6px 30px 5px, rgba(0, 0, 0, 0.14) 0px 16px 24px 2px, rgba(0, 0, 0, 0.2) 0px 8px 10px -5px; height: 370px;"></iframe>
  (Session info: chrome=120.0.6099.111)
Build info: version: '4.16.0', revision: '15400459dd*'
System info: os.name: 'Windows 10', os.arch: 'amd64', os.version: '10.0', java.version: '17.0.8'
Driver info: org.openqa.selenium.chrome.ChromeDriver
Command: [aab40b31ff45237764a117dcfdfd4b0c, clickElement {id=12929A37D1A71D035DA6CB819EF49FF6_element_39}]
Capabilities {acceptInsecureCerts: false, browserName: chrome, browserVersion: 120.0.6099.111, chrome: {chromedriverVersion: 120.0.6099.109 (3419140ab66..., userDataDir: C:\Users\JEET\AppData\Local...}, fedcm:accounts: true, goog:chromeOptions: {debuggerAddress: localhost:55942}, networkConnectionEnabled: false, pageLoadStrategy: normal, platformName: windows, proxy: Proxy(), se:cdp: ws://localhost:55942/devtoo..., se:cdpVersion: 120.0.6099.111, setWindowRect: true, strictFileInteractability: false, timeouts: {implicit: 0, pageLoad: 300000, script: 30000}, unhandledPromptBehavior: dismiss and notify, webauthn:extension:credBlob: true, webauthn:extension:largeBlob: true, webauthn:extension:minPinLength: true, webauthn:extension:prf: true, webauthn:virtualAuthenticators: true}
Element: [[ChromeDriver: chrome on windows (aab40b31ff45237764a117dcfdfd4b0c)] -> id: toggle-hp-search]
Session ID: aab40b31ff45237764a117dcfdfd4b0c
	at java.base/jdk.internal.reflect.NativeConstructorAccessorImpl.newInstance0(Native Method)
	at java.base/jdk.internal.reflect.NativeConstructorAccessorImpl.newInstance(NativeConstructorAccessorImpl.java:77)
	at java.base/jdk.internal.reflect.DelegatingConstructorAccessorImpl.newInstance(DelegatingConstructorAccessorImpl.java:45)
	at java.base/java.lang.reflect.Constructor.newInstanceWithCaller(Constructor.java:499)
	at java.base/java.lang.reflect.Constructor.newInstance(Constructor.java:480)
	at org.openqa.selenium.remote.codec.w3c.W3CHttpResponseCodec.createException(W3CHttpResponseCodec.java:200)
	at org.openqa.selenium.remote.codec.w3c.W3CHttpResponseCodec.decode(W3CHttpResponseCodec.java:133)
	at org.openqa.selenium.remote.codec.w3c.W3CHttpResponseCodec.decode(W3CHttpResponseCodec.java:52)
	at org.openqa.selenium.remote.HttpCommandExecutor.execute(HttpCommandExecutor.java:191)
	at org.openqa.selenium.remote.service.DriverCommandExecutor.invokeExecute(DriverCommandExecutor.java:200)
	at org.openqa.selenium.remote.service.DriverCommandExecutor.execute(DriverCommandExecutor.java:175)
	at org.openqa.selenium.remote.RemoteWebDriver.execute(RemoteWebDriver.java:523)
	at org.openqa.selenium.remote.RemoteWebElement.execute(RemoteWebElement.java:224)
	at org.openqa.selenium.remote.RemoteWebElement.click(RemoteWebElement.java:77)
	at java.base/jdk.internal.reflect.NativeMethodAccessorImpl.invoke0(Native Method)
	at java.base/jdk.internal.reflect.NativeMethodAccessorImpl.invoke(NativeMethodAccessorImpl.java:77)
	at java.base/jdk.internal.reflect.DelegatingMethodAccessorImpl.invoke(DelegatingMethodAccessorImpl.java:43)
	at java.base/java.lang.reflect.Method.invoke(Method.java:568)
	at org.openqa.selenium.support.pagefactory.internal.LocatingElementHandler.invoke(LocatingElementHandler.java:51)
	at jdk.proxy2/jdk.proxy2.$Proxy29.click(Unknown Source)
	at uk.co.library.utility.Utility.clickOnElement(Utility.java:53)
	at uk.co.library.pages.HomePage.clickOnMoreSearchOptionLink(HomePage.java:71)
	at uk.co.library.steps.JobSearchSteps.iClickOnMoreSearchOptionsLink(JobSearchSteps.java:31)
	at ✽.I click on moreSearchOptions Link(file:///C:/Users/JEET/IdeaProjects/cv-library-uk-sw6/src/test/resources/features/jobsearch.feature:11)
</textarea>
      
      </div>
                  </div>
                  <div class="step skip-bg">
                    <span>And I enter salaryMin "25000"</span>
      <div>Step skipped
      </div>
                  </div>
                  <div class="step skip-bg">
                    <span>And I enter salaryMax "45000"</span>
      <div>Step skipped
      </div>
                  </div>
                  <div class="step skip-bg">
                    <span>And I select salaryType "Per annum"</span>
      <div>Step skipped
      </div>
                  </div>
                  <div class="step skip-bg">
                    <span>And I select jobType "Part Time"</span>
      <div>Step skipped
      </div>
                  </div>
                  <div class="step skip-bg">
                    <span>Then I click on Find Jobs button</span>
      <div>Step skipped
      </div>
                  </div>
                  <div class="step pass-bg">
                    <span>uk.co.library.steps.Hooks.tearDown(io.cucumber.java.Scenario)</span>
      <div>VerifyJobSearchResultUsingDifferentDataSet
          <div class="row mb-3"><div class="col-md-3">
<img data-featherlight='../screenshots/embedded5.png' src="../screenshots/embedded5.png">
    
    </div></div>
</div>
      <div>
      </div>
                  </div>
              </div>
            </div>
            <div class="card-body l1">
              <div class="card-header">
                <div class="card-title outline-child">
                  <div class="node" id="68"><span class="badge log fail-bg mr-2">Fail</span>VerifyJobSearchResultUsingDifferentDataSet</div>
                    <div class="status-avatar float-right">
                      <i class="fa fa-paperclip"></i>
                    </div>
                </div>
              </div>
              <div class="card-body mt-3 ">
                  <div class="step pass-bg">
                    <span>Given I am on Home Page</span>
      <div>
      </div>
                  </div>
                  <div class="step pass-bg">
                    <span>When I enter job title "Test Analyst"</span>
      <div>
      </div>
                  </div>
                  <div class="step pass-bg">
                    <span>And I enter location "Edenbridge, Kent"</span>
      <div>
      </div>
                  </div>
                  <div class="step pass-bg">
                    <span>And I select distance "25 miles"</span>
      <div>
      </div>
                  </div>
                  <div class="step fail-bg">
                    <span>Then I click on moreSearchOptions Link</span>
      <div>
        <textarea disabled class="code-block">org.openqa.selenium.ElementClickInterceptedException: element click intercepted: Element <button type="button" id="toggle-hp-search" aria-expanded="false">...</button> is not clickable at point (227, 335). Other element would receive the click: <iframe src="https://cmp-consent-tool.privacymanager.io/latest/index.html#/notice?theme=fadeToBlackTheme&amp;useSystemFonts=false&amp;cmpType=tcf" id="gdpr-consent-notice" class="faktor-iframe-wrapper" aria-label="Privacy Manager window" role="dialog" aria-modal="true" frameborder="0" scrolling="yes" style="width: 100%; left: 0px; bottom: 0px; position: fixed; z-index: 2147483647; box-shadow: rgba(0, 0, 0, 0.12) 0px 6px 30px 5px, rgba(0, 0, 0, 0.14) 0px 16px 24px 2px, rgba(0, 0, 0, 0.2) 0px 8px 10px -5px; height: 370px;"></iframe>
  (Session info: chrome=120.0.6099.111)
Build info: version: '4.16.0', revision: '15400459dd*'
System info: os.name: 'Windows 10', os.arch: 'amd64', os.version: '10.0', java.version: '17.0.8'
Driver info: org.openqa.selenium.chrome.ChromeDriver
Command: [c712d53b1ab0b4959a45ada02aad3270, clickElement {id=0BB1C284C251B81DC4F23F586EE1D0FC_element_39}]
Capabilities {acceptInsecureCerts: false, browserName: chrome, browserVersion: 120.0.6099.111, chrome: {chromedriverVersion: 120.0.6099.109 (3419140ab66..., userDataDir: C:\Users\JEET\AppData\Local...}, fedcm:accounts: true, goog:chromeOptions: {debuggerAddress: localhost:55985}, networkConnectionEnabled: false, pageLoadStrategy: normal, platformName: windows, proxy: Proxy(), se:cdp: ws://localhost:55985/devtoo..., se:cdpVersion: 120.0.6099.111, setWindowRect: true, strictFileInteractability: false, timeouts: {implicit: 0, pageLoad: 300000, script: 30000}, unhandledPromptBehavior: dismiss and notify, webauthn:extension:credBlob: true, webauthn:extension:largeBlob: true, webauthn:extension:minPinLength: true, webauthn:extension:prf: true, webauthn:virtualAuthenticators: true}
Element: [[ChromeDriver: chrome on windows (c712d53b1ab0b4959a45ada02aad3270)] -> id: toggle-hp-search]
Session ID: c712d53b1ab0b4959a45ada02aad3270
	at java.base/jdk.internal.reflect.NativeConstructorAccessorImpl.newInstance0(Native Method)
	at java.base/jdk.internal.reflect.NativeConstructorAccessorImpl.newInstance(NativeConstructorAccessorImpl.java:77)
	at java.base/jdk.internal.reflect.DelegatingConstructorAccessorImpl.newInstance(DelegatingConstructorAccessorImpl.java:45)
	at java.base/java.lang.reflect.Constructor.newInstanceWithCaller(Constructor.java:499)
	at java.base/java.lang.reflect.Constructor.newInstance(Constructor.java:480)
	at org.openqa.selenium.remote.codec.w3c.W3CHttpResponseCodec.createException(W3CHttpResponseCodec.java:200)
	at org.openqa.selenium.remote.codec.w3c.W3CHttpResponseCodec.decode(W3CHttpResponseCodec.java:133)
	at org.openqa.selenium.remote.codec.w3c.W3CHttpResponseCodec.decode(W3CHttpResponseCodec.java:52)
	at org.openqa.selenium.remote.HttpCommandExecutor.execute(HttpCommandExecutor.java:191)
	at org.openqa.selenium.remote.service.DriverCommandExecutor.invokeExecute(DriverCommandExecutor.java:200)
	at org.openqa.selenium.remote.service.DriverCommandExecutor.execute(DriverCommandExecutor.java:175)
	at org.openqa.selenium.remote.RemoteWebDriver.execute(RemoteWebDriver.java:523)
	at org.openqa.selenium.remote.RemoteWebElement.execute(RemoteWebElement.java:224)
	at org.openqa.selenium.remote.RemoteWebElement.click(RemoteWebElement.java:77)
	at java.base/jdk.internal.reflect.NativeMethodAccessorImpl.invoke0(Native Method)
	at java.base/jdk.internal.reflect.NativeMethodAccessorImpl.invoke(NativeMethodAccessorImpl.java:77)
	at java.base/jdk.internal.reflect.DelegatingMethodAccessorImpl.invoke(DelegatingMethodAccessorImpl.java:43)
	at java.base/java.lang.reflect.Method.invoke(Method.java:568)
	at org.openqa.selenium.support.pagefactory.internal.LocatingElementHandler.invoke(LocatingElementHandler.java:51)
	at jdk.proxy2/jdk.proxy2.$Proxy29.click(Unknown Source)
	at uk.co.library.utility.Utility.clickOnElement(Utility.java:53)
	at uk.co.library.pages.HomePage.clickOnMoreSearchOptionLink(HomePage.java:71)
	at uk.co.library.steps.JobSearchSteps.iClickOnMoreSearchOptionsLink(JobSearchSteps.java:31)
	at ✽.I click on moreSearchOptions Link(file:///C:/Users/JEET/IdeaProjects/cv-library-uk-sw6/src/test/resources/features/jobsearch.feature:11)
</textarea>
      
      </div>
                  </div>
                  <div class="step skip-bg">
                    <span>And I enter salaryMin "25000"</span>
      <div>Step skipped
      </div>
                  </div>
                  <div class="step skip-bg">
                    <span>And I enter salaryMax "45000"</span>
      <div>Step skipped
      </div>
                  </div>
                  <div class="step skip-bg">
                    <span>And I select salaryType "Per annum"</span>
      <div>Step skipped
      </div>
                  </div>
                  <div class="step skip-bg">
                    <span>And I select jobType "Permanent"</span>
      <div>Step skipped
      </div>
                  </div>
                  <div class="step skip-bg">
                    <span>Then I click on Find Jobs button</span>
      <div>Step skipped
      </div>
                  </div>
                  <div class="step pass-bg">
                    <span>uk.co.library.steps.Hooks.tearDown(io.cucumber.java.Scenario)</span>
      <div>VerifyJobSearchResultUsingDifferentDataSet
          <div class="row mb-3"><div class="col-md-3">
<img data-featherlight='../screenshots/embedded6.png' src="../screenshots/embedded6.png">
    
    </div></div>
</div>
      <div>
      </div>
                  </div>
              </div>
            </div>
            <div class="card-body l1">
              <div class="card-header">
                <div class="card-title outline-child">
                  <div class="node" id="81"><span class="badge log fail-bg mr-2">Fail</span>VerifyJobSearchResultUsingDifferentDataSet</div>
                    <div class="status-avatar float-right">
                      <i class="fa fa-paperclip"></i>
                    </div>
                </div>
              </div>
              <div class="card-body mt-3 ">
                  <div class="step pass-bg">
                    <span>Given I am on Home Page</span>
      <div>
      </div>
                  </div>
                  <div class="step pass-bg">
                    <span>When I enter job title "Test Manager"</span>
      <div>
      </div>
                  </div>
                  <div class="step pass-bg">
                    <span>And I enter location "Hampshire"</span>
      <div>
      </div>
                  </div>
                  <div class="step pass-bg">
                    <span>And I select distance "35 miles"</span>
      <div>
      </div>
                  </div>
                  <div class="step fail-bg">
                    <span>Then I click on moreSearchOptions Link</span>
      <div>
        <textarea disabled class="code-block">org.openqa.selenium.ElementClickInterceptedException: element click intercepted: Element <button type="button" id="toggle-hp-search" aria-expanded="false">...</button> is not clickable at point (227, 335). Other element would receive the click: <iframe src="https://cmp-consent-tool.privacymanager.io/latest/index.html#/notice?theme=fadeToBlackTheme&amp;useSystemFonts=false&amp;cmpType=tcf" id="gdpr-consent-notice" class="faktor-iframe-wrapper" aria-label="Privacy Manager window" role="dialog" aria-modal="true" frameborder="0" scrolling="yes" style="width: 100%; left: 0px; bottom: 0px; position: fixed; z-index: 2147483647; box-shadow: rgba(0, 0, 0, 0.12) 0px 6px 30px 5px, rgba(0, 0, 0, 0.14) 0px 16px 24px 2px, rgba(0, 0, 0, 0.2) 0px 8px 10px -5px; height: 370px;"></iframe>
  (Session info: chrome=120.0.6099.111)
Build info: version: '4.16.0', revision: '15400459dd*'
System info: os.name: 'Windows 10', os.arch: 'amd64', os.version: '10.0', java.version: '17.0.8'
Driver info: org.openqa.selenium.chrome.ChromeDriver
Command: [73ca72d798daecfee82ce6d8140c610c, clickElement {id=DC49C20028C0108CF89F0F607194FCFA_element_39}]
Capabilities {acceptInsecureCerts: false, browserName: chrome, browserVersion: 120.0.6099.111, chrome: {chromedriverVersion: 120.0.6099.109 (3419140ab66..., userDataDir: C:\Users\JEET\AppData\Local...}, fedcm:accounts: true, goog:chromeOptions: {debuggerAddress: localhost:56043}, networkConnectionEnabled: false, pageLoadStrategy: normal, platformName: windows, proxy: Proxy(), se:cdp: ws://localhost:56043/devtoo..., se:cdpVersion: 120.0.6099.111, setWindowRect: true, strictFileInteractability: false, timeouts: {implicit: 0, pageLoad: 300000, script: 30000}, unhandledPromptBehavior: dismiss and notify, webauthn:extension:credBlob: true, webauthn:extension:largeBlob: true, webauthn:extension:minPinLength: true, webauthn:extension:prf: true, webauthn:virtualAuthenticators: true}
Element: [[ChromeDriver: chrome on windows (73ca72d798daecfee82ce6d8140c610c)] -> id: toggle-hp-search]
Session ID: 73ca72d798daecfee82ce6d8140c610c
	at java.base/jdk.internal.reflect.NativeConstructorAccessorImpl.newInstance0(Native Method)
	at java.base/jdk.internal.reflect.NativeConstructorAccessorImpl.newInstance(NativeConstructorAccessorImpl.java:77)
	at java.base/jdk.internal.reflect.DelegatingConstructorAccessorImpl.newInstance(DelegatingConstructorAccessorImpl.java:45)
	at java.base/java.lang.reflect.Constructor.newInstanceWithCaller(Constructor.java:499)
	at java.base/java.lang.reflect.Constructor.newInstance(Constructor.java:480)
	at org.openqa.selenium.remote.codec.w3c.W3CHttpResponseCodec.createException(W3CHttpResponseCodec.java:200)
	at org.openqa.selenium.remote.codec.w3c.W3CHttpResponseCodec.decode(W3CHttpResponseCodec.java:133)
	at org.openqa.selenium.remote.codec.w3c.W3CHttpResponseCodec.decode(W3CHttpResponseCodec.java:52)
	at org.openqa.selenium.remote.HttpCommandExecutor.execute(HttpCommandExecutor.java:191)
	at org.openqa.selenium.remote.service.DriverCommandExecutor.invokeExecute(DriverCommandExecutor.java:200)
	at org.openqa.selenium.remote.service.DriverCommandExecutor.execute(DriverCommandExecutor.java:175)
	at org.openqa.selenium.remote.RemoteWebDriver.execute(RemoteWebDriver.java:523)
	at org.openqa.selenium.remote.RemoteWebElement.execute(RemoteWebElement.java:224)
	at org.openqa.selenium.remote.RemoteWebElement.click(RemoteWebElement.java:77)
	at java.base/jdk.internal.reflect.NativeMethodAccessorImpl.invoke0(Native Method)
	at java.base/jdk.internal.reflect.NativeMethodAccessorImpl.invoke(NativeMethodAccessorImpl.java:77)
	at java.base/jdk.internal.reflect.DelegatingMethodAccessorImpl.invoke(DelegatingMethodAccessorImpl.java:43)
	at java.base/java.lang.reflect.Method.invoke(Method.java:568)
	at org.openqa.selenium.support.pagefactory.internal.LocatingElementHandler.invoke(LocatingElementHandler.java:51)
	at jdk.proxy2/jdk.proxy2.$Proxy29.click(Unknown Source)
	at uk.co.library.utility.Utility.clickOnElement(Utility.java:53)
	at uk.co.library.pages.HomePage.clickOnMoreSearchOptionLink(HomePage.java:71)
	at uk.co.library.steps.JobSearchSteps.iClickOnMoreSearchOptionsLink(JobSearchSteps.java:31)
	at ✽.I click on moreSearchOptions Link(file:///C:/Users/JEET/IdeaProjects/cv-library-uk-sw6/src/test/resources/features/jobsearch.feature:11)
</textarea>
      
      </div>
                  </div>
                  <div class="step skip-bg">
                    <span>And I enter salaryMin "35000"</span>
      <div>Step skipped
      </div>
                  </div>
                  <div class="step skip-bg">
                    <span>And I enter salaryMax "65000"</span>
      <div>Step skipped
      </div>
                  </div>
                  <div class="step skip-bg">
                    <span>And I select salaryType "Per annum"</span>
      <div>Step skipped
      </div>
                  </div>
                  <div class="step skip-bg">
                    <span>And I select jobType "Permanent"</span>
      <div>Step skipped
      </div>
                  </div>
                  <div class="step skip-bg">
                    <span>Then I click on Find Jobs button</span>
      <div>Step skipped
      </div>
                  </div>
                  <div class="step pass-bg">
                    <span>uk.co.library.steps.Hooks.tearDown(io.cucumber.java.Scenario)</span>
      <div>VerifyJobSearchResultUsingDifferentDataSet
          <div class="row mb-3"><div class="col-md-3">
<img data-featherlight='../screenshots/embedded7.png' src="../screenshots/embedded7.png">
    
    </div></div>
</div>
      <div>
      </div>
                  </div>
              </div>
            </div>
        </div>
  </div>
</div>
          </div>
        </li>
      </ul>
    </div>
  </div>
<div class="test-content scrollable">
<div class="test-content-tools">
<ul><li><a class="back-to-test" href="#"><i class="fa fa-arrow-left"></i></a></li></ul>
</div>
<div class="test-content-detail"><div class="detail-body"></div></div>
</div></div>
<div class="test-wrapper row view category-view attributes-view">
<div class="test-list">
<div class="test-list-tools">
<ul class="tools pull-left"><li><a href=""><span class="font-size-14">Category</span></a></li></ul>
<ul class="tools text-right"><li><a href="#"><span class="badge badge-primary">2</span></a></li></ul>
</div>
<div class="test-list-wrapper scrollable">
<ul class="test-list-item">
<li class="test-item">
<div class="test-detail">
<span class="meta">
<span class='badge log badge-danger'>7</span>
</span>
<p class="name">@author_Amruta</p>
<p class="duration text-sm">7 tests</p>
</div>
<div class="test-contents d-none">
<div class="info">
<h4>@author_Amruta</h4>
<span status="fail" class='badge log badge-danger'>7 failed</span>
</div>
<table class='table table-sm mt-4'>
<thead>
<tr>
<th class="status-col">Status</th>
<th class="timestamp-col">Timestamp</th>
<th>TestName</th>
</tr>
</thead>
<tbody>
<tr class="tag-test-status" status="fail">
<td><span class="badge log fail-bg">Fail</span></td>
<td>01:35:34 am</td>
<td>
<a href="#" class="linked" test-id='1' id='3'>VerifyJobSearchResultUsingDifferentDataSet</a>
<div class="">
<span class="badge badge-default">Job search results functionality.VerifyJobSearchResultUsingDifferentDataSet</span>
</div>
</td>
</tr>
<tr class="tag-test-status" status="fail">
<td><span class="badge log fail-bg">Fail</span></td>
<td>01:36:19 am</td>
<td>
<a href="#" class="linked" test-id='1' id='16'>VerifyJobSearchResultUsingDifferentDataSet</a>
<div class="">
<span class="badge badge-default">Job search results functionality.VerifyJobSearchResultUsingDifferentDataSet</span>
</div>
</td>
</tr>
<tr class="tag-test-status" status="fail">
<td><span class="badge log fail-bg">Fail</span></td>
<td>01:36:41 am</td>
<td>
<a href="#" class="linked" test-id='1' id='29'>VerifyJobSearchResultUsingDifferentDataSet</a>
<div class="">
<span class="badge badge-default">Job search results functionality.VerifyJobSearchResultUsingDifferentDataSet</span>
</div>
</td>
</tr>
<tr class="tag-test-status" status="fail">
<td><span class="badge log fail-bg">Fail</span></td>
<td>01:37:03 am</td>
<td>
<a href="#" class="linked" test-id='1' id='42'>VerifyJobSearchResultUsingDifferentDataSet</a>
<div class="">
<span class="badge badge-default">Job search results functionality.VerifyJobSearchResultUsingDifferentDataSet</span>
</div>
</td>
</tr>
<tr class="tag-test-status" status="fail">
<td><span class="badge log fail-bg">Fail</span></td>
<td>01:37:18 am</td>
<td>
<a href="#" class="linked" test-id='1' id='55'>VerifyJobSearchResultUsingDifferentDataSet</a>
<div class="">
<span class="badge badge-default">Job search results functionality.VerifyJobSearchResultUsingDifferentDataSet</span>
</div>
</td>
</tr>
<tr class="tag-test-status" status="fail">
<td><span class="badge log fail-bg">Fail</span></td>
<td>01:37:33 am</td>
<td>
<a href="#" class="linked" test-id='1' id='68'>VerifyJobSearchResultUsingDifferentDataSet</a>
<div class="">
<span class="badge badge-default">Job search results functionality.VerifyJobSearchResultUsingDifferentDataSet</span>
</div>
</td>
</tr>
<tr class="tag-test-status" status="fail">
<td><span class="badge log fail-bg">Fail</span></td>
<td>01:37:57 am</td>
<td>
<a href="#" class="linked" test-id='1' id='81'>VerifyJobSearchResultUsingDifferentDataSet</a>
<div class="">
<span class="badge badge-default">Job search results functionality.VerifyJobSearchResultUsingDifferentDataSet</span>
</div>
</td>
</tr>
</tbody>
</table>
</div>
</li>
<li class="test-item">
<div class="test-detail">
<span class="meta">
<span class='badge log badge-danger'>7</span>
</span>
<p class="name">@regression</p>
<p class="duration text-sm">7 tests</p>
</div>
<div class="test-contents d-none">
<div class="info">
<h4>@regression</h4>
<span status="fail" class='badge log badge-danger'>7 failed</span>
</div>
<table class='table table-sm mt-4'>
<thead>
<tr>
<th class="status-col">Status</th>
<th class="timestamp-col">Timestamp</th>
<th>TestName</th>
</tr>
</thead>
<tbody>
<tr class="tag-test-status" status="fail">
<td><span class="badge log fail-bg">Fail</span></td>
<td>01:35:34 am</td>
<td>
<a href="#" class="linked" test-id='1' id='3'>VerifyJobSearchResultUsingDifferentDataSet</a>
<div class="">
<span class="badge badge-default">Job search results functionality.VerifyJobSearchResultUsingDifferentDataSet</span>
</div>
</td>
</tr>
<tr class="tag-test-status" status="fail">
<td><span class="badge log fail-bg">Fail</span></td>
<td>01:36:19 am</td>
<td>
<a href="#" class="linked" test-id='1' id='16'>VerifyJobSearchResultUsingDifferentDataSet</a>
<div class="">
<span class="badge badge-default">Job search results functionality.VerifyJobSearchResultUsingDifferentDataSet</span>
</div>
</td>
</tr>
<tr class="tag-test-status" status="fail">
<td><span class="badge log fail-bg">Fail</span></td>
<td>01:36:41 am</td>
<td>
<a href="#" class="linked" test-id='1' id='29'>VerifyJobSearchResultUsingDifferentDataSet</a>
<div class="">
<span class="badge badge-default">Job search results functionality.VerifyJobSearchResultUsingDifferentDataSet</span>
</div>
</td>
</tr>
<tr class="tag-test-status" status="fail">
<td><span class="badge log fail-bg">Fail</span></td>
<td>01:37:03 am</td>
<td>
<a href="#" class="linked" test-id='1' id='42'>VerifyJobSearchResultUsingDifferentDataSet</a>
<div class="">
<span class="badge badge-default">Job search results functionality.VerifyJobSearchResultUsingDifferentDataSet</span>
</div>
</td>
</tr>
<tr class="tag-test-status" status="fail">
<td><span class="badge log fail-bg">Fail</span></td>
<td>01:37:18 am</td>
<td>
<a href="#" class="linked" test-id='1' id='55'>VerifyJobSearchResultUsingDifferentDataSet</a>
<div class="">
<span class="badge badge-default">Job search results functionality.VerifyJobSearchResultUsingDifferentDataSet</span>
</div>
</td>
</tr>
<tr class="tag-test-status" status="fail">
<td><span class="badge log fail-bg">Fail</span></td>
<td>01:37:33 am</td>
<td>
<a href="#" class="linked" test-id='1' id='68'>VerifyJobSearchResultUsingDifferentDataSet</a>
<div class="">
<span class="badge badge-default">Job search results functionality.VerifyJobSearchResultUsingDifferentDataSet</span>
</div>
</td>
</tr>
<tr class="tag-test-status" status="fail">
<td><span class="badge log fail-bg">Fail</span></td>
<td>01:37:57 am</td>
<td>
<a href="#" class="linked" test-id='1' id='81'>VerifyJobSearchResultUsingDifferentDataSet</a>
<div class="">
<span class="badge badge-default">Job search results functionality.VerifyJobSearchResultUsingDifferentDataSet</span>
</div>
</td>
</tr>
</tbody>
</table>
</div>
</li>
</ul>
</div>
</div>
<div class="test-content scrollable">
<div class="test-content-detail">
<div class="detail-body"></div>
</div>
</div>
</div><div class="test-wrapper row view exception-view attributes-view">
<div class="test-list">
<div class="test-list-tools">
<ul class="tools pull-left"><li><a href=""><span class="font-size-14">Exception</span></a></li></ul>
<ul class="tools text-right"><li><a href="#"><span class="badge badge-primary">1</span></a></li></ul>
</div>
<div class="test-list-wrapper scrollable">
<ul class="test-list-item">
<li class="test-item">
<div class="test-detail">
<span class="meta">
<span class='badge log badge-danger'>7</span>
</span>
<p class="name">org.openqa.selenium.ElementClickInterceptedException</p>
<p class="duration text-sm">7 tests</p>
</div>
<div class="test-contents d-none">
<div class="info">
<h4>org.openqa.selenium.ElementClickInterceptedException</h4>
<span status="fail" class='badge log badge-danger'>7 failed</span>
</div>
<table class='table table-sm mt-4'>
<thead>
<tr>
<th class="status-col">Status</th>
<th class="timestamp-col">Timestamp</th>
<th>TestName</th>
</tr>
</thead>
<tbody>
<tr class="tag-test-status" status="fail">
<td><span class="badge log fail-bg">Fail</span></td>
<td>01:36:16 am</td>
<td>
<a href="#" class="linked" test-id='1' id='9'>Then I click on moreSearchOptions Link</a>
<div class="">
<span class="badge badge-default">Job search results functionality.VerifyJobSearchResultUsingDifferentDataSet.Then I click on moreSearchOptions Link</span>
</div>
</td>
</tr>
<tr class="tag-test-status" status="fail">
<td><span class="badge log fail-bg">Fail</span></td>
<td>01:36:39 am</td>
<td>
<a href="#" class="linked" test-id='1' id='22'>Then I click on moreSearchOptions Link</a>
<div class="">
<span class="badge badge-default">Job search results functionality.VerifyJobSearchResultUsingDifferentDataSet.Then I click on moreSearchOptions Link</span>
</div>
</td>
</tr>
<tr class="tag-test-status" status="fail">
<td><span class="badge log fail-bg">Fail</span></td>
<td>01:37:01 am</td>
<td>
<a href="#" class="linked" test-id='1' id='35'>Then I click on moreSearchOptions Link</a>
<div class="">
<span class="badge badge-default">Job search results functionality.VerifyJobSearchResultUsingDifferentDataSet.Then I click on moreSearchOptions Link</span>
</div>
</td>
</tr>
<tr class="tag-test-status" status="fail">
<td><span class="badge log fail-bg">Fail</span></td>
<td>01:37:15 am</td>
<td>
<a href="#" class="linked" test-id='1' id='48'>Then I click on moreSearchOptions Link</a>
<div class="">
<span class="badge badge-default">Job search results functionality.VerifyJobSearchResultUsingDifferentDataSet.Then I click on moreSearchOptions Link</span>
</div>
</td>
</tr>
<tr class="tag-test-status" status="fail">
<td><span class="badge log fail-bg">Fail</span></td>
<td>01:37:31 am</td>
<td>
<a href="#" class="linked" test-id='1' id='61'>Then I click on moreSearchOptions Link</a>
<div class="">
<span class="badge badge-default">Job search results functionality.VerifyJobSearchResultUsingDifferentDataSet.Then I click on moreSearchOptions Link</span>
</div>
</td>
</tr>
<tr class="tag-test-status" status="fail">
<td><span class="badge log fail-bg">Fail</span></td>
<td>01:37:55 am</td>
<td>
<a href="#" class="linked" test-id='1' id='74'>Then I click on moreSearchOptions Link</a>
<div class="">
<span class="badge badge-default">Job search results functionality.VerifyJobSearchResultUsingDifferentDataSet.Then I click on moreSearchOptions Link</span>
</div>
</td>
</tr>
<tr class="tag-test-status" status="fail">
<td><span class="badge log fail-bg">Fail</span></td>
<td>01:38:12 am</td>
<td>
<a href="#" class="linked" test-id='1' id='87'>Then I click on moreSearchOptions Link</a>
<div class="">
<span class="badge badge-default">Job search results functionality.VerifyJobSearchResultUsingDifferentDataSet.Then I click on moreSearchOptions Link</span>
</div>
</td>
</tr>
</tbody>
</table>
</div>
</li>
</ul>
</div>
</div>
<div class="test-content scrollable">
<div class="test-content-detail">
<div class="detail-body"></div>
</div>
</div>
</div>        </div>
      </div>
    </div>
  </div>
<script src="https://cdn.jsdelivr.net/gh/extent-framework/extent-github-cdn@d6562a79075e061305ccfdb82f01e5e195e2d307/spark/js/spark-script.js"></script>
<script type="text/javascript"></script></body>
</html>